[golem-club.fun/index.html]
[backblue.gif]
[fade.gif]
[index.html]
[golem-club.fun/db5c6c4b6b8cceb8037943da5628b20a.png]
[golem-club.fun/12e7a700f94f5153537ea404c02575b6.png]
[golem-club.fun/503410b561bb4c3992a9970b05921bd7.png]
[golem-club.fun/index-2.html]
[golem-club.fun/cf01e4aa476cd60f949090cda8e5ed84.png]
[golem-club.fun/fonts/98aed3b349458a8d156efce96bc5d9d7.woff2]
[golem-club.fun/fonts/4726124a828759239125c3278c6c0b49.woff2]
[golem-club.fun/fonts/3cef07d7a4bb3aa7e32c1a58ad5a01c2.woff2]
[golem-club.fun/fonts/c173477352c9ca4cb0c79e5bf0909290.woff2]
[golem-club.fun/fonts/e64ce8e7f7d587b190b34bde67f18b39.woff2]
[golem-club.fun/fonts/427a24b9acda9778f39e2fec77b3fcf7.woff2]
[golem-club.fun/fonts/accbf01d8ee2ddb8b765c05b7e009db2.woff2]
[golem-club.fun/fonts/58bea7ab8d9d890e4acdc4b7e9d4e84c.woff2]
[golem-club.fun/fonts/2d77b019c9b3e8f8dd2f16b673b6ee4c.woff2]
[golem-club.fun/fonts/31c92386095260c87f939d6167df8b7c.woff2]
[golem-club.fun/fonts/f8f199f09526f79e87644ed227e0f651.woff2]
[golem-club.fun/fonts/98c4d2c0223fc8474641c77f923528e9.woff2]
[golem-club.fun/fonts/d257a7100844bc3f98c9021168b6249e.woff2]
[golem-club.fun/fonts/1060345c54d396e76d73f1da7ee200bd.woff2]
[golem-club.fun/images/53f0588af759594d6caaa20d157b876c.jpg]
[golem-club.fun/'data_image/png;base64,'.html]
[golem-club.fun/images/badfc69a2a0fbf15666fa84af4b8ef32.jpg]
[golem-club.fun/images/be814ed617435915443459885505e7e4.jpg]
[golem-club.fun/images/116410c605c22cb790ede972691e065d.jpg]
[golem-club.fun/images/d903d70e1dce27d37621eeb8e9ab7e2d.jpg]
[golem-club.fun/images/67bc630f6dcc4115f2da5277208d049c.jpg]
[golem-club.fun/images/873154662647ab4cb1824b0bfb53ec51.jpg]
[golem-club.fun/images/de2360392078d1dfc7debe97de7d0d0a.jpg]
[golem-club.fun/js/939898b427480d700449229ff00dbb8a6f9f77442b532f697866e6914ab8843a.js]
[golem-club.fun/js/388fb330498371d4935abbff11d34d4c30842ca3c4a128cdd290d29db98acb41.js]
[golem-club.fun/index.html]
[golem-club.fun/index-2.html]
[golem-club.fun/'data_image/png;base64,'.html]
